<?xml version="1.0" encoding="UTF-8"?>
<!-- Generated by org.testng.reporters.JUnitReportReporter -->
<testsuite hostname="DESKTOP-0KH341F" failures="0" tests="162" name="runner.TestRunner" time="189.073" errors="0" timestamp="2023-12-05T22:28:52 EST" skipped="0">
  <testcase classname="runner.TestRunner" name="runScenario" time="0.368"/>
  <testcase classname="runner.TestRunner" name="runScenario" time="2.435"/>
  <testcase classname="runner.TestRunner" name="runScenario" time="0.964"/>
  <testcase classname="runner.TestRunner" name="runScenario" time="0.445"/>
  <testcase classname="runner.TestRunner" name="runScenario" time="0.850"/>
  <testcase classname="runner.TestRunner" name="runScenario" time="1.452"/>
  <testcase classname="runner.TestRunner" name="runScenario" time="0.935"/>
  <testcase classname="runner.TestRunner" name="runScenario" time="1.972"/>
  <testcase classname="runner.TestRunner" name="runScenario" time="0.368"/>
  <testcase classname="runner.TestRunner" name="runScenario" time="0.918"/>
  <testcase classname="runner.TestRunner" name="runScenario" time="1.130"/>
  <testcase classname="runner.TestRunner" name="runScenario" time="1.121"/>
  <testcase classname="runner.TestRunner" name="runScenario" time="2.061"/>
  <testcase classname="runner.TestRunner" name="runScenario" time="0.413"/>
  <testcase classname="runner.TestRunner" name="runScenario" time="0.381"/>
  <testcase classname="runner.TestRunner" name="runScenario" time="0.326"/>
  <testcase classname="runner.TestRunner" name="runScenario" time="0.529"/>
  <testcase classname="runner.TestRunner" name="runScenario" time="1.178"/>
  <testcase classname="runner.TestRunner" name="runScenario" time="1.576"/>
  <testcase classname="runner.TestRunner" name="runScenario" time="0.468"/>
  <testcase classname="runner.TestRunner" name="runScenario" time="2.284"/>
  <testcase classname="runner.TestRunner" name="runScenario" time="0.558"/>
  <testcase classname="runner.TestRunner" name="runScenario" time="1.080"/>
  <testcase classname="runner.TestRunner" name="runScenario" time="0.446"/>
  <testcase classname="runner.TestRunner" name="runScenario" time="1.568"/>
  <testcase classname="runner.TestRunner" name="runScenario" time="1.086"/>
  <testcase classname="runner.TestRunner" name="runScenario" time="1.750"/>
  <testcase classname="runner.TestRunner" name="runScenario" time="0.762"/>
  <testcase classname="runner.TestRunner" name="runScenario" time="1.507"/>
  <testcase classname="runner.TestRunner" name="runScenario" time="0.360"/>
  <testcase classname="runner.TestRunner" name="runScenario" time="0.374"/>
  <testcase classname="runner.TestRunner" name="runScenario" time="0.973"/>
  <testcase classname="runner.TestRunner" name="runScenario" time="0.570"/>
  <testcase classname="runner.TestRunner" name="runScenario" time="1.656"/>
  <testcase classname="runner.TestRunner" name="runScenario" time="0.417"/>
  <testcase classname="runner.TestRunner" name="runScenario" time="1.753"/>
  <testcase classname="runner.TestRunner" name="runScenario" time="0.795"/>
  <testcase classname="runner.TestRunner" name="runScenario" time="0.805"/>
  <testcase classname="runner.TestRunner" name="runScenario" time="1.606"/>
  <testcase classname="runner.TestRunner" name="runScenario" time="0.420"/>
  <testcase classname="runner.TestRunner" name="runScenario" time="1.590"/>
  <testcase classname="runner.TestRunner" name="runScenario" time="0.950"/>
  <testcase classname="runner.TestRunner" name="runScenario" time="1.468"/>
  <testcase classname="runner.TestRunner" name="runScenario" time="0.982"/>
  <testcase classname="runner.TestRunner" name="runScenario" time="0.762"/>
  <testcase classname="runner.TestRunner" name="runScenario" time="1.733"/>
  <testcase classname="runner.TestRunner" name="runScenario" time="2.816"/>
  <testcase classname="runner.TestRunner" name="runScenario" time="1.905"/>
  <testcase classname="runner.TestRunner" name="runScenario" time="0.400"/>
  <testcase classname="runner.TestRunner" name="runScenario" time="0.826"/>
  <testcase classname="runner.TestRunner" name="runScenario" time="0.572"/>
  <testcase classname="runner.TestRunner" name="runScenario" time="1.697"/>
  <testcase classname="runner.TestRunner" name="runScenario" time="0.513"/>
  <testcase classname="runner.TestRunner" name="runScenario" time="0.718"/>
  <testcase classname="runner.TestRunner" name="runScenario" time="1.545"/>
  <testcase classname="runner.TestRunner" name="runScenario" time="0.305"/>
  <testcase classname="runner.TestRunner" name="runScenario" time="0.482"/>
  <testcase classname="runner.TestRunner" name="runScenario" time="1.550"/>
  <testcase classname="runner.TestRunner" name="runScenario" time="0.370"/>
  <testcase classname="runner.TestRunner" name="runScenario" time="1.736"/>
  <testcase classname="runner.TestRunner" name="runScenario" time="0.909"/>
  <testcase classname="runner.TestRunner" name="runScenario" time="1.549"/>
  <testcase classname="runner.TestRunner" name="runScenario" time="2.059"/>
  <testcase classname="runner.TestRunner" name="runScenario" time="1.484"/>
  <testcase classname="runner.TestRunner" name="runScenario" time="1.237"/>
  <testcase classname="runner.TestRunner" name="runScenario" time="0.070"/>
  <testcase classname="runner.TestRunner" name="runScenario" time="1.599"/>
  <testcase classname="runner.TestRunner" name="runScenario" time="0.332"/>
  <testcase classname="runner.TestRunner" name="runScenario" time="1.090"/>
  <testcase classname="runner.TestRunner" name="runScenario" time="1.265"/>
  <testcase classname="runner.TestRunner" name="runScenario" time="0.967"/>
  <testcase classname="runner.TestRunner" name="runScenario" time="0.425"/>
  <testcase classname="runner.TestRunner" name="runScenario" time="1.084"/>
  <testcase classname="runner.TestRunner" name="runScenario" time="0.452"/>
  <testcase classname="runner.TestRunner" name="runScenario" time="3.264"/>
  <testcase classname="runner.TestRunner" name="runScenario" time="1.624"/>
  <testcase classname="runner.TestRunner" name="runScenario" time="0.410"/>
  <testcase classname="runner.TestRunner" name="runScenario" time="0.449"/>
  <testcase classname="runner.TestRunner" name="runScenario" time="0.929"/>
  <testcase classname="runner.TestRunner" name="runScenario" time="1.242"/>
  <testcase classname="runner.TestRunner" name="runScenario" time="2.080"/>
  <testcase classname="runner.TestRunner" name="runScenario" time="0.459"/>
  <testcase classname="runner.TestRunner" name="runScenario" time="1.459"/>
  <testcase classname="runner.TestRunner" name="runScenario" time="2.263"/>
  <testcase classname="runner.TestRunner" name="runScenario" time="1.623"/>
  <testcase classname="runner.TestRunner" name="runScenario" time="0.937"/>
  <testcase classname="runner.TestRunner" name="runScenario" time="1.214"/>
  <testcase classname="runner.TestRunner" name="runScenario" time="1.238"/>
  <testcase classname="runner.TestRunner" name="runScenario" time="1.689"/>
  <testcase classname="runner.TestRunner" name="runScenario" time="3.005"/>
  <testcase classname="runner.TestRunner" name="runScenario" time="0.402"/>
  <testcase classname="runner.TestRunner" name="runScenario" time="1.492"/>
  <testcase classname="runner.TestRunner" name="runScenario" time="0.424"/>
  <testcase classname="runner.TestRunner" name="runScenario" time="1.517"/>
  <testcase classname="runner.TestRunner" name="runScenario" time="1.510"/>
  <testcase classname="runner.TestRunner" name="runScenario" time="1.297"/>
  <testcase classname="runner.TestRunner" name="runScenario" time="0.015"/>
  <testcase classname="runner.TestRunner" name="runScenario" time="1.956"/>
  <testcase classname="runner.TestRunner" name="runScenario" time="0.479"/>
  <testcase classname="runner.TestRunner" name="runScenario" time="0.901"/>
  <testcase classname="runner.TestRunner" name="runScenario" time="1.424"/>
  <testcase classname="runner.TestRunner" name="runScenario" time="1.568"/>
  <testcase classname="runner.TestRunner" name="runScenario" time="1.409"/>
  <testcase classname="runner.TestRunner" name="runScenario" time="1.857"/>
  <testcase classname="runner.TestRunner" name="runScenario" time="0.420"/>
  <testcase classname="runner.TestRunner" name="runScenario" time="1.200"/>
  <testcase classname="runner.TestRunner" name="runScenario" time="0.501"/>
  <testcase classname="runner.TestRunner" name="runScenario" time="1.122"/>
  <testcase classname="runner.TestRunner" name="runScenario" time="0.397"/>
  <testcase classname="runner.TestRunner" name="runScenario" time="0.748"/>
  <testcase classname="runner.TestRunner" name="runScenario" time="2.013"/>
  <testcase classname="runner.TestRunner" name="runScenario" time="1.267"/>
  <testcase classname="runner.TestRunner" name="runScenario" time="0.376"/>
  <testcase classname="runner.TestRunner" name="runScenario" time="1.635"/>
  <testcase classname="runner.TestRunner" name="runScenario" time="0.402"/>
  <testcase classname="runner.TestRunner" name="runScenario" time="0.435"/>
  <testcase classname="runner.TestRunner" name="runScenario" time="0.414"/>
  <testcase classname="runner.TestRunner" name="runScenario" time="2.106"/>
  <testcase classname="runner.TestRunner" name="runScenario" time="0.567"/>
  <testcase classname="runner.TestRunner" name="runScenario" time="0.389"/>
  <testcase classname="runner.TestRunner" name="runScenario" time="1.664"/>
  <testcase classname="runner.TestRunner" name="runScenario" time="0.969"/>
  <testcase classname="runner.TestRunner" name="runScenario" time="3.098"/>
  <testcase classname="runner.TestRunner" name="runScenario" time="2.553"/>
  <testcase classname="runner.TestRunner" name="runScenario" time="1.506"/>
  <testcase classname="runner.TestRunner" name="runScenario" time="1.702"/>
  <testcase classname="runner.TestRunner" name="runScenario" time="1.185"/>
  <testcase classname="runner.TestRunner" name="runScenario" time="0.975"/>
  <testcase classname="runner.TestRunner" name="runScenario" time="1.281"/>
  <testcase classname="runner.TestRunner" name="runScenario" time="0.411"/>
  <testcase classname="runner.TestRunner" name="runScenario" time="1.136"/>
  <testcase classname="runner.TestRunner" name="runScenario" time="1.406"/>
  <testcase classname="runner.TestRunner" name="runScenario" time="1.633"/>
  <testcase classname="runner.TestRunner" name="runScenario" time="0.391"/>
  <testcase classname="runner.TestRunner" name="runScenario" time="2.048"/>
  <testcase classname="runner.TestRunner" name="runScenario" time="0.820"/>
  <testcase classname="runner.TestRunner" name="runScenario" time="1.197"/>
  <testcase classname="runner.TestRunner" name="runScenario" time="0.653"/>
  <testcase classname="runner.TestRunner" name="runScenario" time="1.114"/>
  <testcase classname="runner.TestRunner" name="runScenario" time="1.099"/>
  <testcase classname="runner.TestRunner" name="runScenario" time="1.267"/>
  <testcase classname="runner.TestRunner" name="runScenario" time="1.832"/>
  <testcase classname="runner.TestRunner" name="runScenario" time="3.966"/>
  <testcase classname="runner.TestRunner" name="runScenario" time="1.031"/>
  <testcase classname="runner.TestRunner" name="runScenario" time="1.475"/>
  <testcase classname="runner.TestRunner" name="runScenario" time="0.768"/>
  <testcase classname="runner.TestRunner" name="runScenario" time="1.338"/>
  <testcase classname="runner.TestRunner" name="runScenario" time="1.391"/>
  <testcase classname="runner.TestRunner" name="runScenario" time="1.500"/>
  <testcase classname="runner.TestRunner" name="runScenario" time="1.064"/>
  <testcase classname="runner.TestRunner" name="runScenario" time="0.011"/>
  <testcase classname="runner.TestRunner" name="runScenario" time="0.265"/>
  <testcase classname="runner.TestRunner" name="runScenario" time="0.037"/>
  <testcase classname="runner.TestRunner" name="runScenario" time="1.311"/>
  <testcase classname="runner.TestRunner" name="runScenario" time="1.664"/>
  <testcase classname="runner.TestRunner" name="runScenario" time="2.771"/>
  <testcase classname="runner.TestRunner" name="runScenario" time="1.508"/>
  <testcase classname="runner.TestRunner" name="runScenario" time="0.336"/>
  <testcase classname="runner.TestRunner" name="runScenario" time="1.495"/>
  <testcase classname="runner.TestRunner" name="runScenario" time="1.528"/>
  <testcase classname="runner.TestRunner" name="runScenario" time="2.123"/>
  <testcase classname="runner.TestRunner" name="runScenario" time="1.321"/>
</testsuite> <!-- runner.TestRunner -->
