<?xml version="1.0" encoding="UTF-8"?>
<!-- Generated by org.testng.reporters.JUnitReportReporter -->
<testsuite hostname="DESKTOP-0KH341F" failures="0" tests="162" name="runner.TestRunner" time="183.610" errors="0" timestamp="2023-12-05T15:56:22 EST" skipped="0">
  <testcase classname="runner.TestRunner" name="runScenario" time="0.459"/>
  <testcase classname="runner.TestRunner" name="runScenario" time="1.766"/>
  <testcase classname="runner.TestRunner" name="runScenario" time="0.484"/>
  <testcase classname="runner.TestRunner" name="runScenario" time="1.115"/>
  <testcase classname="runner.TestRunner" name="runScenario" time="0.893"/>
  <testcase classname="runner.TestRunner" name="runScenario" time="1.865"/>
  <testcase classname="runner.TestRunner" name="runScenario" time="0.425"/>
  <testcase classname="runner.TestRunner" name="runScenario" time="0.406"/>
  <testcase classname="runner.TestRunner" name="runScenario" time="1.195"/>
  <testcase classname="runner.TestRunner" name="runScenario" time="1.850"/>
  <testcase classname="runner.TestRunner" name="runScenario" time="0.496"/>
  <testcase classname="runner.TestRunner" name="runScenario" time="0.432"/>
  <testcase classname="runner.TestRunner" name="runScenario" time="0.299"/>
  <testcase classname="runner.TestRunner" name="runScenario" time="0.719"/>
  <testcase classname="runner.TestRunner" name="runScenario" time="0.468"/>
  <testcase classname="runner.TestRunner" name="runScenario" time="0.285"/>
  <testcase classname="runner.TestRunner" name="runScenario" time="0.427"/>
  <testcase classname="runner.TestRunner" name="runScenario" time="0.906"/>
  <testcase classname="runner.TestRunner" name="runScenario" time="1.836"/>
  <testcase classname="runner.TestRunner" name="runScenario" time="1.106"/>
  <testcase classname="runner.TestRunner" name="runScenario" time="1.337"/>
  <testcase classname="runner.TestRunner" name="runScenario" time="0.461"/>
  <testcase classname="runner.TestRunner" name="runScenario" time="1.474"/>
  <testcase classname="runner.TestRunner" name="runScenario" time="1.952"/>
  <testcase classname="runner.TestRunner" name="runScenario" time="0.581"/>
  <testcase classname="runner.TestRunner" name="runScenario" time="0.951"/>
  <testcase classname="runner.TestRunner" name="runScenario" time="0.919"/>
  <testcase classname="runner.TestRunner" name="runScenario" time="1.619"/>
  <testcase classname="runner.TestRunner" name="runScenario" time="1.066"/>
  <testcase classname="runner.TestRunner" name="runScenario" time="0.482"/>
  <testcase classname="runner.TestRunner" name="runScenario" time="1.116"/>
  <testcase classname="runner.TestRunner" name="runScenario" time="0.485"/>
  <testcase classname="runner.TestRunner" name="runScenario" time="0.643"/>
  <testcase classname="runner.TestRunner" name="runScenario" time="0.025"/>
  <testcase classname="runner.TestRunner" name="runScenario" time="0.403"/>
  <testcase classname="runner.TestRunner" name="runScenario" time="0.716"/>
  <testcase classname="runner.TestRunner" name="runScenario" time="0.726"/>
  <testcase classname="runner.TestRunner" name="runScenario" time="1.052"/>
  <testcase classname="runner.TestRunner" name="runScenario" time="1.574"/>
  <testcase classname="runner.TestRunner" name="runScenario" time="1.633"/>
  <testcase classname="runner.TestRunner" name="runScenario" time="0.604"/>
  <testcase classname="runner.TestRunner" name="runScenario" time="3.284"/>
  <testcase classname="runner.TestRunner" name="runScenario" time="1.029"/>
  <testcase classname="runner.TestRunner" name="runScenario" time="1.256"/>
  <testcase classname="runner.TestRunner" name="runScenario" time="1.382"/>
  <testcase classname="runner.TestRunner" name="runScenario" time="2.073"/>
  <testcase classname="runner.TestRunner" name="runScenario" time="1.037"/>
  <testcase classname="runner.TestRunner" name="runScenario" time="0.429"/>
  <testcase classname="runner.TestRunner" name="runScenario" time="0.387"/>
  <testcase classname="runner.TestRunner" name="runScenario" time="1.467"/>
  <testcase classname="runner.TestRunner" name="runScenario" time="0.498"/>
  <testcase classname="runner.TestRunner" name="runScenario" time="2.515"/>
  <testcase classname="runner.TestRunner" name="runScenario" time="1.532"/>
  <testcase classname="runner.TestRunner" name="runScenario" time="1.478"/>
  <testcase classname="runner.TestRunner" name="runScenario" time="1.027"/>
  <testcase classname="runner.TestRunner" name="runScenario" time="0.346"/>
  <testcase classname="runner.TestRunner" name="runScenario" time="1.414"/>
  <testcase classname="runner.TestRunner" name="runScenario" time="1.524"/>
  <testcase classname="runner.TestRunner" name="runScenario" time="0.479"/>
  <testcase classname="runner.TestRunner" name="runScenario" time="0.495"/>
  <testcase classname="runner.TestRunner" name="runScenario" time="2.101"/>
  <testcase classname="runner.TestRunner" name="runScenario" time="0.030"/>
  <testcase classname="runner.TestRunner" name="runScenario" time="1.212"/>
  <testcase classname="runner.TestRunner" name="runScenario" time="1.772"/>
  <testcase classname="runner.TestRunner" name="runScenario" time="0.992"/>
  <testcase classname="runner.TestRunner" name="runScenario" time="0.479"/>
  <testcase classname="runner.TestRunner" name="runScenario" time="0.359"/>
  <testcase classname="runner.TestRunner" name="runScenario" time="0.602"/>
  <testcase classname="runner.TestRunner" name="runScenario" time="2.011"/>
  <testcase classname="runner.TestRunner" name="runScenario" time="1.077"/>
  <testcase classname="runner.TestRunner" name="runScenario" time="0.827"/>
  <testcase classname="runner.TestRunner" name="runScenario" time="1.662"/>
  <testcase classname="runner.TestRunner" name="runScenario" time="0.394"/>
  <testcase classname="runner.TestRunner" name="runScenario" time="1.029"/>
  <testcase classname="runner.TestRunner" name="runScenario" time="1.383"/>
  <testcase classname="runner.TestRunner" name="runScenario" time="1.145"/>
  <testcase classname="runner.TestRunner" name="runScenario" time="1.614"/>
  <testcase classname="runner.TestRunner" name="runScenario" time="1.084"/>
  <testcase classname="runner.TestRunner" name="runScenario" time="1.837"/>
  <testcase classname="runner.TestRunner" name="runScenario" time="2.035"/>
  <testcase classname="runner.TestRunner" name="runScenario" time="1.419"/>
  <testcase classname="runner.TestRunner" name="runScenario" time="1.568"/>
  <testcase classname="runner.TestRunner" name="runScenario" time="0.824"/>
  <testcase classname="runner.TestRunner" name="runScenario" time="0.882"/>
  <testcase classname="runner.TestRunner" name="runScenario" time="1.009"/>
  <testcase classname="runner.TestRunner" name="runScenario" time="1.224"/>
  <testcase classname="runner.TestRunner" name="runScenario" time="1.953"/>
  <testcase classname="runner.TestRunner" name="runScenario" time="1.186"/>
  <testcase classname="runner.TestRunner" name="runScenario" time="0.629"/>
  <testcase classname="runner.TestRunner" name="runScenario" time="1.508"/>
  <testcase classname="runner.TestRunner" name="runScenario" time="0.881"/>
  <testcase classname="runner.TestRunner" name="runScenario" time="1.449"/>
  <testcase classname="runner.TestRunner" name="runScenario" time="1.719"/>
  <testcase classname="runner.TestRunner" name="runScenario" time="0.424"/>
  <testcase classname="runner.TestRunner" name="runScenario" time="0.547"/>
  <testcase classname="runner.TestRunner" name="runScenario" time="1.748"/>
  <testcase classname="runner.TestRunner" name="runScenario" time="1.867"/>
  <testcase classname="runner.TestRunner" name="runScenario" time="0.998"/>
  <testcase classname="runner.TestRunner" name="runScenario" time="1.945"/>
  <testcase classname="runner.TestRunner" name="runScenario" time="1.571"/>
  <testcase classname="runner.TestRunner" name="runScenario" time="1.065"/>
  <testcase classname="runner.TestRunner" name="runScenario" time="0.439"/>
  <testcase classname="runner.TestRunner" name="runScenario" time="1.491"/>
  <testcase classname="runner.TestRunner" name="runScenario" time="1.391"/>
  <testcase classname="runner.TestRunner" name="runScenario" time="1.634"/>
  <testcase classname="runner.TestRunner" name="runScenario" time="1.623"/>
  <testcase classname="runner.TestRunner" name="runScenario" time="1.250"/>
  <testcase classname="runner.TestRunner" name="runScenario" time="2.082"/>
  <testcase classname="runner.TestRunner" name="runScenario" time="1.138"/>
  <testcase classname="runner.TestRunner" name="runScenario" time="1.631"/>
  <testcase classname="runner.TestRunner" name="runScenario" time="0.397"/>
  <testcase classname="runner.TestRunner" name="runScenario" time="0.621"/>
  <testcase classname="runner.TestRunner" name="runScenario" time="1.088"/>
  <testcase classname="runner.TestRunner" name="runScenario" time="0.462"/>
  <testcase classname="runner.TestRunner" name="runScenario" time="1.681"/>
  <testcase classname="runner.TestRunner" name="runScenario" time="1.145"/>
  <testcase classname="runner.TestRunner" name="runScenario" time="0.411"/>
  <testcase classname="runner.TestRunner" name="runScenario" time="1.066"/>
  <testcase classname="runner.TestRunner" name="runScenario" time="0.908"/>
  <testcase classname="runner.TestRunner" name="runScenario" time="1.492"/>
  <testcase classname="runner.TestRunner" name="runScenario" time="1.450"/>
  <testcase classname="runner.TestRunner" name="runScenario" time="3.209"/>
  <testcase classname="runner.TestRunner" name="runScenario" time="1.663"/>
  <testcase classname="runner.TestRunner" name="runScenario" time="1.566"/>
  <testcase classname="runner.TestRunner" name="runScenario" time="0.349"/>
  <testcase classname="runner.TestRunner" name="runScenario" time="1.633"/>
  <testcase classname="runner.TestRunner" name="runScenario" time="1.626"/>
  <testcase classname="runner.TestRunner" name="runScenario" time="0.511"/>
  <testcase classname="runner.TestRunner" name="runScenario" time="0.404"/>
  <testcase classname="runner.TestRunner" name="runScenario" time="1.166"/>
  <testcase classname="runner.TestRunner" name="runScenario" time="0.033"/>
  <testcase classname="runner.TestRunner" name="runScenario" time="1.755"/>
  <testcase classname="runner.TestRunner" name="runScenario" time="1.496"/>
  <testcase classname="runner.TestRunner" name="runScenario" time="0.544"/>
  <testcase classname="runner.TestRunner" name="runScenario" time="0.510"/>
  <testcase classname="runner.TestRunner" name="runScenario" time="0.567"/>
  <testcase classname="runner.TestRunner" name="runScenario" time="1.031"/>
  <testcase classname="runner.TestRunner" name="runScenario" time="1.318"/>
  <testcase classname="runner.TestRunner" name="runScenario" time="1.749"/>
  <testcase classname="runner.TestRunner" name="runScenario" time="0.704"/>
  <testcase classname="runner.TestRunner" name="runScenario" time="1.321"/>
  <testcase classname="runner.TestRunner" name="runScenario" time="0.865"/>
  <testcase classname="runner.TestRunner" name="runScenario" time="0.881"/>
  <testcase classname="runner.TestRunner" name="runScenario" time="1.489"/>
  <testcase classname="runner.TestRunner" name="runScenario" time="1.534"/>
  <testcase classname="runner.TestRunner" name="runScenario" time="1.322"/>
  <testcase classname="runner.TestRunner" name="runScenario" time="1.588"/>
  <testcase classname="runner.TestRunner" name="runScenario" time="1.538"/>
  <testcase classname="runner.TestRunner" name="runScenario" time="1.287"/>
  <testcase classname="runner.TestRunner" name="runScenario" time="0.025"/>
  <testcase classname="runner.TestRunner" name="runScenario" time="1.314"/>
  <testcase classname="runner.TestRunner" name="runScenario" time="1.107"/>
  <testcase classname="runner.TestRunner" name="runScenario" time="1.127"/>
  <testcase classname="runner.TestRunner" name="runScenario" time="0.524"/>
  <testcase classname="runner.TestRunner" name="runScenario" time="1.743"/>
  <testcase classname="runner.TestRunner" name="runScenario" time="1.615"/>
  <testcase classname="runner.TestRunner" name="runScenario" time="0.902"/>
  <testcase classname="runner.TestRunner" name="runScenario" time="1.417"/>
  <testcase classname="runner.TestRunner" name="runScenario" time="1.564"/>
  <testcase classname="runner.TestRunner" name="runScenario" time="1.226"/>
  <testcase classname="runner.TestRunner" name="runScenario" time="1.282"/>
  <testcase classname="runner.TestRunner" name="runScenario" time="1.741"/>
</testsuite> <!-- runner.TestRunner -->
